<function dashboard at 0x7f0b715aa3a0>
 * Serving Flask app 'app'
 * Debug mode: on
[31m[1mWARNING: This is a development server. Do not use it in a production deployment. Use a production WSGI server instead.[0m
 * Running on all addresses (0.0.0.0)
 * Running on http://127.0.0.1:5000
 * Running on http://172.17.0.2:5000
[33mPress CTRL+C to quit[0m
 * Restarting with stat
 * Debugger is active!
 * Debugger PIN: 105-827-313
<function dashboard at 0x7fd10b4e53a0>
<function dashboard at 0x7f21ea4973a0>
 * Serving Flask app 'app'
 * Debug mode: on
[31m[1mWARNING: This is a development server. Do not use it in a production deployment. Use a production WSGI server instead.[0m
 * Running on all addresses (0.0.0.0)
 * Running on http://127.0.0.1:5000
 * Running on http://172.17.0.2:5000
[33mPress CTRL+C to quit[0m
 * Restarting with stat
Traceback (most recent call last):
  File "/usr/lib/python3.8/runpy.py", line 194, in _run_module_as_main
    return _run_code(code, main_globals, None,
  File "/usr/lib/python3.8/runpy.py", line 87, in _run_code
    exec(code, run_globals)
  File "/portfolio_project/Connected_Care/hie_flask/app.py", line 3, in <module>
    from hie_models import storage
  File "/portfolio_project/Connected_Care/hie_models/__init__.py", line 7, in <module>
    from hie_models.hie_db.db_storage import DBStorage
  File "/portfolio_project/Connected_Care/hie_models/hie_db/db_storage.py", line 6, in <module>
    from hie_models.basemodel import BaseModel, Base
  File "/portfolio_project/Connected_Care/hie_models/basemodel.py", line 8, in <module>
    from sqlalchemy import Column, String, DateTime
  File "/usr/local/lib/python3.8/dist-packages/sqlalchemy/__init__.py", line 12, in <module>
    from . import util as _util
  File "/usr/local/lib/python3.8/dist-packages/sqlalchemy/util/__init__.py", line 72, in <module>
    from .concurrency import await_fallback as await_fallback
  File "/usr/local/lib/python3.8/dist-packages/sqlalchemy/util/concurrency.py", line 11, in <module>
    import asyncio  # noqa
  File "/usr/lib/python3.8/asyncio/__init__.py", line 8, in <module>
    from .base_events import *
  File "<frozen importlib._bootstrap>", line 991, in _find_and_load
  File "<frozen importlib._bootstrap>", line 975, in _find_and_load_unlocked
  File "<frozen importlib._bootstrap>", line 671, in _load_unlocked
  File "<frozen importlib._bootstrap_external>", line 844, in exec_module
  File "<frozen importlib._bootstrap_external>", line 976, in get_code
  File "<frozen importlib._bootstrap_external>", line 640, in _compile_bytecode
KeyboardInterrupt
<function dashboard at 0x7fa28b30e3a0>
 * Serving Flask app 'app'
 * Debug mode: on
[31m[1mWARNING: This is a development server. Do not use it in a production deployment. Use a production WSGI server instead.[0m
 * Running on all addresses (0.0.0.0)
 * Running on http://127.0.0.1:5000
 * Running on http://172.17.0.2:5000
[33mPress CTRL+C to quit[0m
 * Restarting with stat
 * Debugger is active!
 * Debugger PIN: 105-827-313
<function dashboard at 0x7ff5e59dd3a0>
