nohup: ignoring input
 * Serving Flask app 'app'
 * Debug mode: on
[31m[1mWARNING: This is a development server. Do not use it in a production deployment. Use a production WSGI server instead.[0m
 * Running on all addresses (0.0.0.0)
 * Running on http://127.0.0.1:5001
 * Running on http://172.17.0.2:5001
[33mPress CTRL+C to quit[0m
 * Restarting with stat
 * Debugger is active!
 * Debugger PIN: 105-827-313
 * Detected change in '/portfolio_project/Connected_Care/hie_flask/app.py', reloading
 * Restarting with stat
 * Debugger is active!
 * Debugger PIN: 105-827-313
 * Detected change in '/portfolio_project/Connected_Care/hie_flask/app.py', reloading
 * Restarting with stat
 * Debugger is active!
 * Debugger PIN: 105-827-313
 * Detected change in '/portfolio_project/Connected_Care/hie_flask/app.py', reloading
 * Restarting with stat
 * Debugger is active!
 * Debugger PIN: 105-827-313
 * Detected change in '/portfolio_project/Connected_Care/hie_flask/app.py', reloading
 * Restarting with stat
 * Debugger is active!
 * Debugger PIN: 105-827-313
 * Detected change in '/portfolio_project/Connected_Care/hie_api/app.py', reloading
 * Restarting with stat
Traceback (most recent call last):
  File "/usr/lib/python3.8/runpy.py", line 194, in _run_module_as_main
    return _run_code(code, main_globals, None,
  File "/usr/lib/python3.8/runpy.py", line 87, in _run_code
    exec(code, run_globals)
  File "/portfolio_project/Connected_Care/hie_api/app.py", line 15, in <module>
    app.config["PERMANENT_SESSION_LIFETIME"] = timedelta(minutes=30)
NameError: name 'timedelta' is not defined
